# JRE version: Java(TM) SE Runtime Environment (8.0_92-b14) (build 1.8.0_92-b14)
# Java VM: Java HotSpot(TM) 64-Bit Server VM (25.92-b14 mixed mode bsd-amd64 compressed oops)
Heap:
 PSYoungGen      total 465920K, used 8744K [0x0000000795580000, 0x00000007c0000000, 0x00000007c0000000)
  eden space 232960K, 0% used [0x0000000795580000,0x0000000795672ff0,0x00000007a3900000)
  from space 232960K, 3% used [0x00000007a3900000,0x00000007a4097060,0x00000007b1c80000)
  to   space 232960K, 0% used [0x00000007b1c80000,0x00000007b1c80000,0x00000007c0000000)
 ParOldGen       total 1398272K, used 779986K [0x0000000740000000, 0x0000000795580000, 0x0000000795580000)
  object space 1398272K, 55% used [0x0000000740000000,0x000000076f9b4990,0x0000000795580000)
 Metaspace       used 53234K, capacity 54246K, committed 60928K, reserved 1103872K
  class space    used 5750K, capacity 5975K, committed 6144K, reserved 1048576K
GC Heap History (10 events):
Event: 7626.153 GC heap before
{Heap before GC invocations=203 (full 24):
 PSYoungGen      total 465920K, used 395113K [0x0000000795580000, 0x00000007c0000000, 0x00000007c0000000)
  eden space 232960K, 98% used [0x0000000795580000,0x00000007a36a76d0,0x00000007a3900000)
  from space 232960K, 70% used [0x00000007b1c80000,0x00000007bbd33030,0x00000007c0000000)
  to   space 232960K, 0% used [0x00000007a3900000,0x00000007a3900000,0x00000007b1c80000)
 ParOldGen       total 1398272K, used 594424K [0x0000000740000000, 0x0000000795580000, 0x0000000795580000)
  object space 1398272K, 42% used [0x0000000740000000,0x000000076447e150,0x0000000795580000)
 Metaspace       used 53193K, capacity 54182K, committed 60928K, reserved 1103872K
  class space    used 5750K, capacity 5975K, committed 6144K, reserved 1048576K
Event: 7626.264 GC heap after
Heap after GC invocations=203 (full 24):
 PSYoungGen      total 465920K, used 21312K [0x0000000795580000, 0x00000007c0000000, 0x00000007c0000000)
  eden space 232960K, 0% used [0x0000000795580000,0x0000000795580000,0x00000007a3900000)
  from space 232960K, 9% used [0x00000007a3900000,0x00000007a4dd0150,0x00000007b1c80000)
  to   space 232960K, 0% used [0x00000007b1c80000,0x00000007b1c80000,0x00000007c0000000)
 ParOldGen       total 1398272K, used 754572K [0x0000000740000000, 0x0000000795580000, 0x0000000795580000)
  object space 1398272K, 53% used [0x0000000740000000,0x000000076e0e3160,0x0000000795580000)
 Metaspace       used 53193K, capacity 54182K, committed 60928K, reserved 1103872K
  class space    used 5750K, capacity 5975K, committed 6144K, reserved 1048576K
}
Event: 7688.915 GC heap before
{Heap before GC invocations=204 (full 24):
 PSYoungGen      total 465920K, used 254272K [0x0000000795580000, 0x00000007c0000000, 0x00000007c0000000)
  eden space 232960K, 100% used [0x0000000795580000,0x00000007a3900000,0x00000007a3900000)
  from space 232960K, 9% used [0x00000007a3900000,0x00000007a4dd0150,0x00000007b1c80000)
  to   space 232960K, 0% used [0x00000007b1c80000,0x00000007b1c80000,0x00000007c0000000)
 ParOldGen       total 1398272K, used 777186K [0x0000000740000000, 0x0000000795580000, 0x0000000795580000)
  object space 1398272K, 55% used [0x0000000740000000,0x000000076f6f8ad8,0x0000000795580000)
 Metaspace       used 53211K, capacity 54246K, committed 60928K, reserved 1103872K
  class space    used 5750K, capacity 5975K, committed 6144K, reserved 1048576K
Event: 7688.921 GC heap after
Heap after GC invocations=204 (full 24):
 PSYoungGen      total 465920K, used 1472K [0x0000000795580000, 0x00000007c0000000, 0x00000007c0000000)
  eden space 232960K, 0% used [0x0000000795580000,0x0000000795580000,0x00000007a3900000)
  from space 232960K, 0% used [0x00000007b1c80000,0x00000007b1df0040,0x00000007c0000000)
  to   space 232960K, 0% used [0x00000007a3900000,0x00000007a3900000,0x00000007b1c80000)
 ParOldGen       total 1398272K, used 778618K [0x0000000740000000, 0x0000000795580000, 0x0000000795580000)
  object space 1398272K, 55% used [0x0000000740000000,0x000000076f85e8e0,0x0000000795580000)
 Metaspace       used 53211K, capacity 54246K, committed 60928K, reserved 1103872K
  class space    used 5750K, capacity 5975K, committed 6144K, reserved 1048576K
}
Event: 7866.474 GC heap before
{Heap before GC invocations=205 (full 24):
 PSYoungGen      total 465920K, used 234432K [0x0000000795580000, 0x00000007c0000000, 0x00000007c0000000)
  eden space 232960K, 100% used [0x0000000795580000,0x00000007a3900000,0x00000007a3900000)
  from space 232960K, 0% used [0x00000007b1c80000,0x00000007b1df0040,0x00000007c0000000)
  to   space 232960K, 0% used [0x00000007a3900000,0x00000007a3900000,0x00000007b1c80000)
 ParOldGen       total 1398272K, used 778618K [0x0000000740000000, 0x0000000795580000, 0x0000000795580000)
  object space 1398272K, 55% used [0x0000000740000000,0x000000076f85e8e0,0x0000000795580000)
 Metaspace       used 53231K, capacity 54246K, committed 60928K, reserved 1103872K
  class space    used 5750K, capacity 5975K, committed 6144K, reserved 1048576K
Event: 7866.479 GC heap after
Heap after GC invocations=205 (full 24):
 PSYoungGen      total 465920K, used 1344K [0x0000000795580000, 0x00000007c0000000, 0x00000007c0000000)
  eden space 232960K, 0% used [0x0000000795580000,0x0000000795580000,0x00000007a3900000)
  from space 232960K, 0% used [0x00000007a3900000,0x00000007a3a50040,0x00000007b1c80000)
  to   space 232960K, 0% used [0x00000007b1c80000,0x00000007b1c80000,0x00000007c0000000)
 ParOldGen       total 1398272K, used 778846K [0x0000000740000000, 0x0000000795580000, 0x0000000795580000)
  object space 1398272K, 55% used [0x0000000740000000,0x000000076f897900,0x0000000795580000)
 Metaspace       used 53231K, capacity 54246K, committed 60928K, reserved 1103872K
  class space    used 5750K, capacity 5975K, committed 6144K, reserved 1048576K
}
Event: 8176.256 GC heap before
{Heap before GC invocations=206 (full 24):
 PSYoungGen      total 465920K, used 234304K [0x0000000795580000, 0x00000007c0000000, 0x00000007c0000000)
  eden space 232960K, 100% used [0x0000000795580000,0x00000007a3900000,0x00000007a3900000)
  from space 232960K, 0% used [0x00000007a3900000,0x00000007a3a50040,0x00000007b1c80000)
  to   space 232960K, 0% used [0x00000007b1c80000,0x00000007b1c80000,0x00000007c0000000)
 ParOldGen       total 1398272K, used 778846K [0x0000000740000000, 0x0000000795580000, 0x0000000795580000)
  object space 1398272K, 55% used [0x0000000740000000,0x000000076f897900,0x0000000795580000)
 Metaspace       used 53231K, capacity 54246K, committed 60928K, reserved 1103872K
  class space    used 5750K, capacity 5975K, committed 6144K, reserved 1048576K
Event: 8176.259 GC heap after
Heap after GC invocations=206 (full 24):
 PSYoungGen      total 465920K, used 224K [0x0000000795580000, 0x00000007c0000000, 0x00000007c0000000)
  eden space 232960K, 0% used [0x0000000795580000,0x0000000795580000,0x00000007a3900000)
  from space 232960K, 0% used [0x00000007b1c80000,0x00000007b1cb8000,0x00000007c0000000)
  to   space 232960K, 0% used [0x00000007a3900000,0x00000007a3900000,0x00000007b1c80000)
 ParOldGen       total 1398272K, used 779986K [0x0000000740000000, 0x0000000795580000, 0x0000000795580000)
  object space 1398272K, 55% used [0x0000000740000000,0x000000076f9b4990,0x0000000795580000)
 Metaspace       used 53231K, capacity 54246K, committed 60928K, reserved 1103872K
  class space    used 5750K, capacity 5975K, committed 6144K, reserved 1048576K
}
Event: 8476.399 GC heap before
{Heap before GC invocations=207 (full 24):
 PSYoungGen      total 465920K, used 233184K [0x0000000795580000, 0x00000007c0000000, 0x00000007c0000000)
  eden space 232960K, 100% used [0x0000000795580000,0x00000007a3900000,0x00000007a3900000)
  from space 232960K, 0% used [0x00000007b1c80000,0x00000007b1cb8000,0x00000007c0000000)
  to   space 232960K, 0% used [0x00000007a3900000,0x00000007a3900000,0x00000007b1c80000)
 ParOldGen       total 1398272K, used 779986K [0x0000000740000000, 0x0000000795580000, 0x0000000795580000)
  object space 1398272K, 55% used [0x0000000740000000,0x000000076f9b4990,0x0000000795580000)
 Metaspace       used 53234K, capacity 54246K, committed 60928K, reserved 1103872K
  class space    used 5750K, capacity 5975K, committed 6144K, reserved 1048576K
Event: 8476.402 GC heap after
Heap after GC invocations=207 (full 24):
 PSYoungGen      total 465920K, used 7772K [0x0000000795580000, 0x00000007c0000000, 0x00000007c0000000)
  eden space 232960K, 0% used [0x0000000795580000,0x0000000795580000,0x00000007a3900000)
  from space 232960K, 3% used [0x00000007a3900000,0x00000007a4097060,0x00000007b1c80000)
  to   space 232960K, 0% used [0x00000007b1c80000,0x00000007b1c80000,0x00000007c0000000)
 ParOldGen       total 1398272K, used 779986K [0x0000000740000000, 0x0000000795580000, 0x0000000795580000)
  object space 1398272K, 55% used [0x0000000740000000,0x000000076f9b4990,0x0000000795580000)
 Metaspace       used 53234K, capacity 54246K, committed 60928K, reserved 1103872K
  class space    used 5750K, capacity 5975K, committed 6144K, reserved 1048576K
}

