# JRE version: Java(TM) SE Runtime Environment (8.0_65-b17) (build 1.8.0_65-b17)
# Java VM: Java HotSpot(TM) 64-Bit Server VM (25.65-b01 mixed mode windows-amd64 compressed oops)
Heap:
 PSYoungGen      total 142336K, used 47090K [0x000000076b300000, 0x000000077b380000, 0x00000007c0000000)
  eden space 117760K, 24% used [0x000000076b300000,0x000000076cf96868,0x0000000772600000)
  from space 24576K, 72% used [0x0000000772600000,0x0000000773766350,0x0000000773e00000)
  to   space 25088K, 0% used [0x0000000779b00000,0x0000000779b00000,0x000000077b380000)
 ParOldGen       total 199680K, used 56988K [0x00000006c1800000, 0x00000006cdb00000, 0x000000076b300000)
  object space 199680K, 28% used [0x00000006c1800000,0x00000006c4fa7110,0x00000006cdb00000)
 Metaspace       used 49905K, capacity 50721K, committed 50816K, reserved 1093632K
  class space    used 6558K, capacity 6769K, committed 6784K, reserved 1048576K
GC Heap History (10 events):
Event: 2.829 GC heap before
{Heap before GC invocations=5 (full 2):
 PSYoungGen      total 76288K, used 10388K [0x000000076b300000, 0x0000000772680000, 0x00000007c0000000)
  eden space 65536K, 0% used [0x000000076b300000,0x000000076b300000,0x000000076f300000)
  from space 10752K, 96% used [0x000000076f300000,0x000000076fd253b8,0x000000076fd80000)
  to   space 10752K, 0% used [0x0000000771c00000,0x0000000771c00000,0x0000000772680000)
 ParOldGen       total 122880K, used 6375K [0x00000006c1800000, 0x00000006c9000000, 0x000000076b300000)
  object space 122880K, 5% used [0x00000006c1800000,0x00000006c1e39fa8,0x00000006c9000000)
 Metaspace       used 34795K, capacity 35057K, committed 35416K, reserved 1081344K
  class space    used 4457K, capacity 4523K, committed 4608K, reserved 1048576K
Event: 2.864 GC heap after
Heap after GC invocations=5 (full 2):
 PSYoungGen      total 76288K, used 0K [0x000000076b300000, 0x0000000772680000, 0x00000007c0000000)
  eden space 65536K, 0% used [0x000000076b300000,0x000000076b300000,0x000000076f300000)
  from space 10752K, 0% used [0x000000076f300000,0x000000076f300000,0x000000076fd80000)
  to   space 10752K, 0% used [0x0000000771c00000,0x0000000771c00000,0x0000000772680000)
 ParOldGen       total 199680K, used 14568K [0x00000006c1800000, 0x00000006cdb00000, 0x000000076b300000)
  object space 199680K, 7% used [0x00000006c1800000,0x00000006c263a2f0,0x00000006cdb00000)
 Metaspace       used 34795K, capacity 35057K, committed 35416K, reserved 1081344K
  class space    used 4457K, capacity 4523K, committed 4608K, reserved 1048576K
}
Event: 4.212 GC heap before
{Heap before GC invocations=6 (full 2):
 PSYoungGen      total 76288K, used 65536K [0x000000076b300000, 0x0000000772680000, 0x00000007c0000000)
  eden space 65536K, 100% used [0x000000076b300000,0x000000076f300000,0x000000076f300000)
  from space 10752K, 0% used [0x000000076f300000,0x000000076f300000,0x000000076fd80000)
  to   space 10752K, 0% used [0x0000000771c00000,0x0000000771c00000,0x0000000772680000)
 ParOldGen       total 199680K, used 14568K [0x00000006c1800000, 0x00000006cdb00000, 0x000000076b300000)
  object space 199680K, 7% used [0x00000006c1800000,0x00000006c263a2f0,0x00000006cdb00000)
 Metaspace       used 40643K, capacity 41051K, committed 41472K, reserved 1085440K
  class space    used 5211K, capacity 5336K, committed 5376K, reserved 1048576K
Event: 4.220 GC heap after
Heap after GC invocations=6 (full 2):
 PSYoungGen      total 100864K, used 10751K [0x000000076b300000, 0x0000000772680000, 0x00000007c0000000)
  eden space 90112K, 0% used [0x000000076b300000,0x000000076b300000,0x0000000770b00000)
  from space 10752K, 99% used [0x0000000771c00000,0x000000077267ff10,0x0000000772680000)
  to   space 10752K, 0% used [0x0000000771180000,0x0000000771180000,0x0000000771c00000)
 ParOldGen       total 199680K, used 25146K [0x00000006c1800000, 0x00000006cdb00000, 0x000000076b300000)
  object space 199680K, 12% used [0x00000006c1800000,0x00000006c308ea48,0x00000006cdb00000)
 Metaspace       used 40643K, capacity 41051K, committed 41472K, reserved 1085440K
  class space    used 5211K, capacity 5336K, committed 5376K, reserved 1048576K
}
Event: 14.009 GC heap before
{Heap before GC invocations=7 (full 2):
 PSYoungGen      total 100864K, used 100836K [0x000000076b300000, 0x0000000772680000, 0x00000007c0000000)
  eden space 90112K, 99% used [0x000000076b300000,0x0000000770af9110,0x0000000770b00000)
  from space 10752K, 99% used [0x0000000771c00000,0x000000077267ff10,0x0000000772680000)
  to   space 10752K, 0% used [0x0000000771180000,0x0000000771180000,0x0000000771c00000)
 ParOldGen       total 199680K, used 25146K [0x00000006c1800000, 0x00000006cdb00000, 0x000000076b300000)
  object space 199680K, 12% used [0x00000006c1800000,0x00000006c308ea48,0x00000006cdb00000)
 Metaspace       used 49389K, capacity 50191K, committed 50560K, reserved 1093632K
  class space    used 6507K, capacity 6688K, committed 6784K, reserved 1048576K
Event: 14.018 GC heap after
Heap after GC invocations=7 (full 2):
 PSYoungGen      total 107520K, used 10743K [0x000000076b300000, 0x0000000775500000, 0x00000007c0000000)
  eden space 96768K, 0% used [0x000000076b300000,0x000000076b300000,0x0000000771180000)
  from space 10752K, 99% used [0x0000000771180000,0x0000000771bfdcc8,0x0000000771c00000)
  to   space 23552K, 0% used [0x0000000773e00000,0x0000000773e00000,0x0000000775500000)
 ParOldGen       total 199680K, used 31838K [0x00000006c1800000, 0x00000006cdb00000, 0x000000076b300000)
  object space 199680K, 15% used [0x00000006c1800000,0x00000006c37179d8,0x00000006cdb00000)
 Metaspace       used 49389K, capacity 50191K, committed 50560K, reserved 1093632K
  class space    used 6507K, capacity 6688K, committed 6784K, reserved 1048576K
}
Event: 14.051 GC heap before
{Heap before GC invocations=8 (full 2):
 PSYoungGen      total 107520K, used 107509K [0x000000076b300000, 0x0000000775500000, 0x00000007c0000000)
  eden space 96768K, 99% used [0x000000076b300000,0x000000077117f788,0x0000000771180000)
  from space 10752K, 99% used [0x0000000771180000,0x0000000771bfdcc8,0x0000000771c00000)
  to   space 23552K, 0% used [0x0000000773e00000,0x0000000773e00000,0x0000000775500000)
 ParOldGen       total 199680K, used 31973K [0x00000006c1800000, 0x00000006cdb00000, 0x000000076b300000)
  object space 199680K, 16% used [0x00000006c1800000,0x00000006c3739678,0x00000006cdb00000)
 Metaspace       used 49389K, capacity 50191K, committed 50560K, reserved 1093632K
  class space    used 6507K, capacity 6688K, committed 6784K, reserved 1048576K
Event: 14.060 GC heap after
Heap after GC invocations=8 (full 2):
 PSYoungGen      total 141312K, used 17933K [0x000000076b300000, 0x0000000778700000, 0x00000007c0000000)
  eden space 117760K, 0% used [0x000000076b300000,0x000000076b300000,0x0000000772600000)
  from space 23552K, 76% used [0x0000000773e00000,0x0000000774f83798,0x0000000775500000)
  to   space 24576K, 0% used [0x0000000772600000,0x0000000772600000,0x0000000773e00000)
 ParOldGen       total 199680K, used 38923K [0x00000006c1800000, 0x00000006cdb00000, 0x000000076b300000)
  object space 199680K, 19% used [0x00000006c1800000,0x00000006c3e02ce0,0x00000006cdb00000)
 Metaspace       used 49389K, capacity 50191K, committed 50560K, reserved 1093632K
  class space    used 6507K, capacity 6688K, committed 6784K, reserved 1048576K
}
Event: 14.094 GC heap before
{Heap before GC invocations=9 (full 2):
 PSYoungGen      total 141312K, used 135693K [0x000000076b300000, 0x0000000778700000, 0x00000007c0000000)
  eden space 117760K, 100% used [0x000000076b300000,0x0000000772600000,0x0000000772600000)
  from space 23552K, 76% used [0x0000000773e00000,0x0000000774f83798,0x0000000775500000)
  to   space 24576K, 0% used [0x0000000772600000,0x0000000772600000,0x0000000773e00000)
 ParOldGen       total 199680K, used 50038K [0x00000006c1800000, 0x00000006cdb00000, 0x000000076b300000)
  object space 199680K, 25% used [0x00000006c1800000,0x00000006c48ddaa8,0x00000006cdb00000)
 Metaspace       used 49398K, capacity 50191K, committed 50560K, reserved 1093632K
  class space    used 6507K, capacity 6688K, committed 6784K, reserved 1048576K
Event: 14.102 GC heap after
Heap after GC invocations=9 (full 2):
 PSYoungGen      total 142336K, used 17816K [0x000000076b300000, 0x000000077b380000, 0x00000007c0000000)
  eden space 117760K, 0% used [0x000000076b300000,0x000000076b300000,0x0000000772600000)
  from space 24576K, 72% used [0x0000000772600000,0x0000000773766350,0x0000000773e00000)
  to   space 25088K, 0% used [0x0000000779b00000,0x0000000779b00000,0x000000077b380000)
 ParOldGen       total 199680K, used 56988K [0x00000006c1800000, 0x00000006cdb00000, 0x000000076b300000)
  object space 199680K, 28% used [0x00000006c1800000,0x00000006c4fa7110,0x00000006cdb00000)
 Metaspace       used 49398K, capacity 50191K, committed 50560K, reserved 1093632K
  class space    used 6507K, capacity 6688K, committed 6784K, reserved 1048576K
}

